<?xml version="1.0" encoding="UTF-8"?>
<!-- Generated by org.testng.reporters.JUnitXMLReporter -->
<testsuite ignored="4" hostname="IN-LP-229" failures="2" tests="6" name="Test" time="8.83" errors="0" timestamp="2023-11-21T17:10:09 IST">
  <testcase classname="testCases.loginPageTC" name="loginTC_05" time="0.366"/>
  <testcase classname="testCases.herokuTestCase" name="Basic_Auth_Checking" time="3.61"/>
  <testcase classname="testCases.herokuTestCase" name="Broken_Image_Checking" time="2.956">
    <failure type="java.lang.AssertionError" message="expected [0] but found [1]">
      <![CDATA[java.lang.AssertionError: expected [0] but found [1]
at pages.herokuApp.brokenImage(herokuApp.java:53)
at testCases.herokuTestCase.Broken_Image_Checking(herokuTestCase.java:21)
at java.base/java.util.ArrayList.forEach(ArrayList.java:1511)
... Removed 34 stack frames]]>
    </failure>
  </testcase> <!-- Broken_Image_Checking -->
  <testcase classname="testCases.herokuTestCase" name="checkbox_checking" time="0.378"/>
  <testcase classname="testCases.herokuTestCase" name="contextAlert" time="0.867">
    <failure type="org.openqa.selenium.ElementNotInteractableException" message="element not interactable
  (Session info: chrome=119.0.6045.160)
Build info: version: &amp;apos;4.15.0&amp;apos;, revision: &amp;apos;1d14b5521b&amp;apos;
System info: os.name: &amp;apos;Windows 11&amp;apos;, os.arch: &amp;apos;amd64&amp;apos;, os.version: &amp;apos;10.0&amp;apos;, java.version: &amp;apos;17.0.7&amp;apos;
Driver info: org.openqa.selenium.chrome.ChromeDriver
Command: [2c97bdb8e6724db282828c43f8eaf502, clickElement {id=7DE2205F9FFBEBBE3EE834B083470D81_element_30}]
Capabilities {acceptInsecureCerts: false, browserName: chrome, browserVersion: 119.0.6045.160, chrome: {chromedriverVersion: 119.0.6045.105 (38c72552c5e..., userDataDir: C:\Users\ARAVIN~1.PAN\AppDa...}, fedcm:accounts: true, goog:chromeOptions: {debuggerAddress: localhost:56730}, networkConnectionEnabled: false, pageLoadStrategy: normal, platformName: windows, proxy: Proxy(), se:cdp: ws://localhost:56730/devtoo..., se:cdpVersion: 119.0.6045.160, setWindowRect: true, strictFileInteractability: false, timeouts: {implicit: 0, pageLoad: 300000, script: 30000}, unhandledPromptBehavior: dismiss and notify, webauthn:extension:credBlob: true, webauthn:extension:largeBlob: true, webauthn:extension:minPinLength: true, webauthn:extension:prf: true, webauthn:virtualAuthenticators: true}
Element: [[ChromeDriver: chrome on windows (2c97bdb8e6724db282828c43f8eaf502)] -&amp;gt; xpath: //p[text()=&amp;apos;Close&amp;apos;]]
Session ID: 2c97bdb8e6724db282828c43f8eaf502">
      <![CDATA[org.openqa.selenium.ElementNotInteractableException: element not interactable
  (Session info: chrome=119.0.6045.160)
Build info: version: '4.15.0', revision: '1d14b5521b'
System info: os.name: 'Windows 11', os.arch: 'amd64', os.version: '10.0', java.version: '17.0.7'
Driver info: org.openqa.selenium.chrome.ChromeDriver
Command: [2c97bdb8e6724db282828c43f8eaf502, clickElement {id=7DE2205F9FFBEBBE3EE834B083470D81_element_30}]
Capabilities {acceptInsecureCerts: false, browserName: chrome, browserVersion: 119.0.6045.160, chrome: {chromedriverVersion: 119.0.6045.105 (38c72552c5e..., userDataDir: C:\Users\ARAVIN~1.PAN\AppDa...}, fedcm:accounts: true, goog:chromeOptions: {debuggerAddress: localhost:56730}, networkConnectionEnabled: false, pageLoadStrategy: normal, platformName: windows, proxy: Proxy(), se:cdp: ws://localhost:56730/devtoo..., se:cdpVersion: 119.0.6045.160, setWindowRect: true, strictFileInteractability: false, timeouts: {implicit: 0, pageLoad: 300000, script: 30000}, unhandledPromptBehavior: dismiss and notify, webauthn:extension:credBlob: true, webauthn:extension:largeBlob: true, webauthn:extension:minPinLength: true, webauthn:extension:prf: true, webauthn:virtualAuthenticators: true}
Element: [[ChromeDriver: chrome on windows (2c97bdb8e6724db282828c43f8eaf502)] -> xpath: //p[text()='Close']]
Session ID: 2c97bdb8e6724db282828c43f8eaf502
at org.openqa.selenium.remote.codec.w3c.W3CHttpResponseCodec.createException(W3CHttpResponseCodec.java:200)
at org.openqa.selenium.remote.codec.w3c.W3CHttpResponseCodec.decode(W3CHttpResponseCodec.java:133)
at org.openqa.selenium.remote.codec.w3c.W3CHttpResponseCodec.decode(W3CHttpResponseCodec.java:52)
at org.openqa.selenium.remote.HttpCommandExecutor.execute(HttpCommandExecutor.java:191)
at org.openqa.selenium.remote.service.DriverCommandExecutor.invokeExecute(DriverCommandExecutor.java:200)
at org.openqa.selenium.remote.service.DriverCommandExecutor.execute(DriverCommandExecutor.java:175)
at org.openqa.selenium.remote.RemoteWebDriver.execute(RemoteWebDriver.java:607)
at org.openqa.selenium.remote.RemoteWebElement.execute(RemoteWebElement.java:224)
at org.openqa.selenium.remote.RemoteWebElement.click(RemoteWebElement.java:77)
at pages.herokuApp.handling_ad(herokuApp.java:101)
at testCases.herokuTestCase.contextAlert(herokuTestCase.java:36)
at java.base/java.util.ArrayList.forEach(ArrayList.java:1511)
... Removed 32 stack frames]]>
    </failure>
  </testcase> <!-- contextAlert -->
  <testcase classname="testCases.herokuTestCase" name="dragAndDrop" time="0.581"/>
  <testcase classname="testCases.loginPageTC" name="loginTC_03" time="0.0">
    <ignored/>
  </testcase> <!-- loginTC_03 -->
  <testcase classname="testCases.loginPageTC" name="loginTC_02" time="0.0">
    <ignored/>
  </testcase> <!-- loginTC_02 -->
  <testcase classname="testCases.loginPageTC" name="loginTC_04" time="0.0">
    <ignored/>
  </testcase> <!-- loginTC_04 -->
  <testcase classname="testCases.loginPageTC" name="loginTC_01" time="0.0">
    <ignored/>
  </testcase> <!-- loginTC_01 -->
</testsuite> <!-- Test -->
