<?xml version="1.0" encoding="UTF-8"?>
<!-- Generated by org.testng.reporters.JUnitXMLReporter -->
<testsuite ignored="4" hostname="IN-LP-229" failures="0" tests="2" name="Test" time="9.142" errors="0" timestamp="2023-11-14T08:56:28 IST">
  <testcase classname="testCases.loginPageTC" name="loginTC_05" time="0.765"/>
  <testcase classname="testCases.herokuTestCase" name="TC_01" time="8.306"/>
  <testcase classname="testCases.loginPageTC" name="loginTC_02" time="0.0">
    <ignored/>
  </testcase> <!-- loginTC_02 -->
  <testcase classname="testCases.loginPageTC" name="loginTC_03" time="0.0">
    <ignored/>
  </testcase> <!-- loginTC_03 -->
  <testcase classname="testCases.loginPageTC" name="loginTC_04" time="0.0">
    <ignored/>
  </testcase> <!-- loginTC_04 -->
  <testcase classname="testCases.loginPageTC" name="loginTC_01" time="0.0">
    <ignored/>
  </testcase> <!-- loginTC_01 -->
</testsuite> <!-- Test -->
