<?xml version="1.0" encoding="UTF-8"?>
<testng-results ignored="0" total="2" passed="2" failed="0" skipped="0">
  <reporter-output>
  </reporter-output>
  <suite started-at="2023-11-13T10:57:33 IST" name="Suite" finished-at="2023-11-13T10:57:33 IST" duration-ms="666">
    <groups>
    </groups>
    <test started-at="2023-11-13T10:57:33 IST" name="Test" finished-at="2023-11-13T10:57:33 IST" duration-ms="666">
      <class name="testCases.loginPageTC">
        <test-method is-config="true" signature="initialSetup()[pri:0, instance:testCases.loginPageTC@6892b3b6]" started-at="2023-11-13T10:57:30 IST" name="initialSetup" finished-at="2023-11-13T10:57:33 IST" duration-ms="2605" status="PASS">
          <reporter-output>
          </reporter-output>
        </test-method> <!-- initialSetup -->
        <test-method signature="loginTC_01()[pri:0, instance:testCases.loginPageTC@6892b3b6]" started-at="2023-11-13T10:57:33 IST" name="loginTC_01" finished-at="2023-11-13T10:57:33 IST" duration-ms="319" status="PASS">
          <reporter-output>
          </reporter-output>
        </test-method> <!-- loginTC_01 -->
        <test-method signature="loginTC_02()[pri:2, instance:testCases.loginPageTC@6892b3b6]" started-at="2023-11-13T10:57:33 IST" name="loginTC_02" finished-at="2023-11-13T10:57:33 IST" duration-ms="313" status="PASS">
          <reporter-output>
          </reporter-output>
        </test-method> <!-- loginTC_02 -->
      </class> <!-- testCases.loginPageTC -->
    </test> <!-- Test -->
  </suite> <!-- Suite -->
</testng-results>
